  Stdafx.cpp
  AssemblyInfo.cpp
  IsotopomerDynamics.cpp
C:\Workplace\C++\professorGIThub\Six_MassIsotopmerDynamics\MassIsotopomerDynamics\IsotopomerDynamics.cpp(12,22): warning C4305: 'initializing': truncation from 'double' to 'float'
C:\Workplace\C++\professorGIThub\Six_MassIsotopmerDynamics\MassIsotopomerDynamics\IsotopomerDynamics.cpp(24,18): warning C4244: '=': conversion from 'double' to 'float', possible loss of data
C:\Workplace\C++\professorGIThub\Six_MassIsotopmerDynamics\MassIsotopomerDynamics\IsotopomerDynamics.cpp(26,32): warning C4244: '=': conversion from 'double' to 'float', possible loss of data
C:\Workplace\C++\professorGIThub\Six_MassIsotopmerDynamics\MassIsotopomerDynamics\IsotopomerDynamics.cpp(28,38): warning C4244: '=': conversion from 'double' to 'float', possible loss of data
C:\Workplace\C++\professorGIThub\Six_MassIsotopmerDynamics\MassIsotopomerDynamics\IsotopomerDynamics.cpp(30,10): warning C4244: '=': conversion from 'double' to 'float', possible loss of data
C:\Workplace\C++\professorGIThub\Six_MassIsotopmerDynamics\MassIsotopomerDynamics\IsotopomerDynamics.cpp(32,59): warning C4244: '=': conversion from 'double' to 'float', possible loss of data
C:\Workplace\C++\professorGIThub\Six_MassIsotopmerDynamics\MassIsotopomerDynamics\IsotopomerDynamics.cpp(34,10): warning C4244: '=': conversion from 'double' to 'float', possible loss of data
C:\Workplace\C++\professorGIThub\Six_MassIsotopmerDynamics\MassIsotopomerDynamics\IsotopomerDynamics.cpp(39,51): warning C4244: '=': conversion from 'double' to 'float', possible loss of data
C:\Workplace\C++\professorGIThub\Six_MassIsotopmerDynamics\MassIsotopomerDynamics\IsotopomerDynamics.cpp(41,89): warning C4244: '=': conversion from 'double' to 'float', possible loss of data
C:\Workplace\C++\professorGIThub\Six_MassIsotopmerDynamics\MassIsotopomerDynamics\IsotopomerDynamics.cpp(43,44): warning C4244: '=': conversion from 'double' to 'float', possible loss of data
C:\Workplace\C++\professorGIThub\Six_MassIsotopmerDynamics\MassIsotopomerDynamics\IsotopomerDynamics.cpp(45,64): warning C4244: '=': conversion from 'double' to 'float', possible loss of data
C:\Workplace\C++\professorGIThub\Six_MassIsotopmerDynamics\MassIsotopomerDynamics\IsotopomerDynamics.cpp(47,44): warning C4244: '=': conversion from 'double' to 'float', possible loss of data
C:\Workplace\C++\professorGIThub\Six_MassIsotopmerDynamics\MassIsotopomerDynamics\IsotopomerDynamics.cpp(49,44): warning C4244: '=': conversion from 'double' to 'float', possible loss of data
C:\Workplace\C++\professorGIThub\Six_MassIsotopmerDynamics\MassIsotopomerDynamics\IsotopomerDynamics.cpp(53,44): warning C4244: '=': conversion from 'double' to 'float', possible loss of data
C:\Workplace\C++\professorGIThub\Six_MassIsotopmerDynamics\MassIsotopomerDynamics\IsotopomerDynamics.cpp(61,44): warning C4244: '=': conversion from 'double' to 'float', possible loss of data
C:\Workplace\C++\professorGIThub\Six_MassIsotopmerDynamics\MassIsotopomerDynamics\IsotopomerDynamics.cpp(68,27): warning C4244: '=': conversion from 'double' to 'float', possible loss of data
C:\Workplace\C++\professorGIThub\Six_MassIsotopmerDynamics\MassIsotopomerDynamics\IsotopomerDynamics.cpp(77,96): warning C4244: 'argument': conversion from 'double' to 'float', possible loss of data
C:\Workplace\C++\professorGIThub\Six_MassIsotopmerDynamics\MassIsotopomerDynamics\IsotopomerDynamics.cpp(90,34): warning C4244: 'argument': conversion from 'int' to 'float', possible loss of data
C:\Workplace\C++\professorGIThub\Six_MassIsotopmerDynamics\MassIsotopomerDynamics\IsotopomerDynamics.cpp(92,20): warning C4244: 'argument': conversion from 'int' to 'float', possible loss of data
C:\Workplace\C++\professorGIThub\Six_MassIsotopmerDynamics\MassIsotopomerDynamics\IsotopomerDynamics.cpp(90,60): warning C4244: '=': conversion from 'double' to 'float', possible loss of data
C:\Workplace\C++\professorGIThub\Six_MassIsotopmerDynamics\MassIsotopomerDynamics\IsotopomerDynamics.cpp(96,49): warning C4244: 'argument': conversion from 'double' to 'float', possible loss of data
C:\Workplace\C++\professorGIThub\Six_MassIsotopmerDynamics\MassIsotopomerDynamics\IsotopomerDynamics.cpp(98,72): warning C4244: '=': conversion from 'double' to 'float', possible loss of data
C:\Workplace\C++\professorGIThub\Six_MassIsotopmerDynamics\MassIsotopomerDynamics\IsotopomerDynamics.cpp(115,64): warning C4244: 'argument': conversion from 'double' to 'float', possible loss of data
C:\Workplace\C++\professorGIThub\Six_MassIsotopmerDynamics\MassIsotopomerDynamics\IsotopomerDynamics.cpp(113,80): warning C4244: '=': conversion from 'double' to 'float', possible loss of data
C:\Workplace\C++\professorGIThub\Six_MassIsotopmerDynamics\MassIsotopomerDynamics\IsotopomerDynamics.cpp(119,32): warning C4244: 'argument': conversion from 'double' to 'float', possible loss of data
C:\Workplace\C++\professorGIThub\Six_MassIsotopmerDynamics\MassIsotopomerDynamics\IsotopomerDynamics.cpp(117,30): warning C4244: '=': conversion from 'double' to 'float', possible loss of data
C:\Workplace\C++\professorGIThub\Six_MassIsotopmerDynamics\MassIsotopomerDynamics\IsotopomerDynamics.cpp(121,49): warning C4244: 'argument': conversion from 'int' to 'float', possible loss of data
C:\Workplace\C++\professorGIThub\Six_MassIsotopmerDynamics\MassIsotopomerDynamics\IsotopomerDynamics.cpp(125,49): warning C4244: 'argument': conversion from 'double' to 'float', possible loss of data
C:\Workplace\C++\professorGIThub\Six_MassIsotopmerDynamics\MassIsotopomerDynamics\IsotopomerDynamics.cpp(127,58): warning C4244: '=': conversion from 'double' to 'float', possible loss of data
C:\Workplace\C++\professorGIThub\Six_MassIsotopmerDynamics\MassIsotopomerDynamics\IsotopomerDynamics.cpp(142,11): warning C4244: 'argument': conversion from 'double' to 'float', possible loss of data
C:\Workplace\C++\professorGIThub\Six_MassIsotopmerDynamics\MassIsotopomerDynamics\IsotopomerDynamics.cpp(138,36): warning C4244: '=': conversion from 'double' to 'float', possible loss of data
C:\Workplace\C++\professorGIThub\Six_MassIsotopmerDynamics\MassIsotopomerDynamics\IsotopomerDynamics.cpp(146,49): warning C4244: 'argument': conversion from 'int' to 'float', possible loss of data
C:\Workplace\C++\professorGIThub\Six_MassIsotopmerDynamics\MassIsotopomerDynamics\IsotopomerDynamics.cpp(150,63): warning C4244: '=': conversion from 'double' to 'float', possible loss of data
C:\Workplace\C++\professorGIThub\Six_MassIsotopmerDynamics\MassIsotopomerDynamics\IsotopomerDynamics.cpp(163,42): warning C4244: 'argument': conversion from 'double' to 'float', possible loss of data
C:\Workplace\C++\professorGIThub\Six_MassIsotopmerDynamics\MassIsotopomerDynamics\IsotopomerDynamics.cpp(164,54): warning C4244: 'argument': conversion from 'double' to 'float', possible loss of data
C:\Workplace\C++\professorGIThub\Six_MassIsotopmerDynamics\MassIsotopomerDynamics\IsotopomerDynamics.cpp(165,67): warning C4244: 'argument': conversion from 'double' to 'float', possible loss of data
C:\Workplace\C++\professorGIThub\Six_MassIsotopmerDynamics\MassIsotopomerDynamics\IsotopomerDynamics.cpp(164,105): warning C4244: '=': conversion from 'double' to 'float', possible loss of data
C:\Workplace\C++\professorGIThub\Six_MassIsotopmerDynamics\MassIsotopomerDynamics\IsotopomerDynamics.cpp(167,60): warning C4244: 'argument': conversion from 'int' to 'float', possible loss of data
C:\Workplace\C++\professorGIThub\Six_MassIsotopmerDynamics\MassIsotopomerDynamics\IsotopomerDynamics.cpp(167,40): warning C4244: 'argument': conversion from 'double' to 'float', possible loss of data
C:\Workplace\C++\professorGIThub\Six_MassIsotopmerDynamics\MassIsotopomerDynamics\IsotopomerDynamics.cpp(177,43): warning C4244: '=': conversion from 'double' to 'float', possible loss of data
C:\Workplace\C++\professorGIThub\Six_MassIsotopmerDynamics\MassIsotopomerDynamics\IsotopomerDynamics.cpp(226,26): warning C4244: 'argument': conversion from 'double' to 'float', possible loss of data
C:\Workplace\C++\professorGIThub\Six_MassIsotopmerDynamics\MassIsotopomerDynamics\IsotopomerDynamics.cpp(228,16): warning C4244: '=': conversion from 'double' to 'float', possible loss of data
C:\Workplace\C++\professorGIThub\Six_MassIsotopmerDynamics\MassIsotopomerDynamics\IsotopomerDynamics.cpp(236,31): warning C4244: '=': conversion from 'double' to 'float', possible loss of data
C:\Workplace\C++\professorGIThub\Six_MassIsotopmerDynamics\MassIsotopomerDynamics\IsotopomerDynamics.cpp(238,8): warning C4244: '=': conversion from 'double' to 'float', possible loss of data
C:\Workplace\C++\professorGIThub\Six_MassIsotopmerDynamics\MassIsotopomerDynamics\IsotopomerDynamics.cpp(240,8): warning C4244: '=': conversion from 'double' to 'float', possible loss of data
C:\Workplace\C++\professorGIThub\Six_MassIsotopmerDynamics\MassIsotopomerDynamics\IsotopomerDynamics.cpp(244,8): warning C4244: '=': conversion from 'double' to 'float', possible loss of data
C:\Workplace\C++\professorGIThub\Six_MassIsotopmerDynamics\MassIsotopomerDynamics\IsotopomerDynamics.cpp(246,8): warning C4244: '=': conversion from 'double' to 'float', possible loss of data
C:\Workplace\C++\professorGIThub\Six_MassIsotopmerDynamics\MassIsotopomerDynamics\IsotopomerDynamics.cpp(255,22): warning C4244: '=': conversion from 'double' to 'float', possible loss of data
C:\Workplace\C++\professorGIThub\Six_MassIsotopmerDynamics\MassIsotopomerDynamics\IsotopomerDynamics.cpp(269,11): warning C4244: '=': conversion from 'double' to 'float', possible loss of data
C:\Workplace\C++\professorGIThub\Six_MassIsotopmerDynamics\MassIsotopomerDynamics\IsotopomerDynamics.cpp(271,66): warning C4244: '=': conversion from 'double' to 'float', possible loss of data
C:\Workplace\C++\professorGIThub\Six_MassIsotopmerDynamics\MassIsotopomerDynamics\IsotopomerDynamics.cpp(273,57): warning C4244: '=': conversion from 'double' to 'float', possible loss of data
C:\Workplace\C++\professorGIThub\Six_MassIsotopmerDynamics\MassIsotopomerDynamics\IsotopomerDynamics.cpp(275,39): warning C4244: 'argument': conversion from 'double' to 'float', possible loss of data
C:\Workplace\C++\professorGIThub\Six_MassIsotopmerDynamics\MassIsotopomerDynamics\IsotopomerDynamics.cpp(277,46): warning C4244: 'argument': conversion from 'double' to 'float', possible loss of data
C:\Workplace\C++\professorGIThub\Six_MassIsotopmerDynamics\MassIsotopomerDynamics\IsotopomerDynamics.cpp(279,29): warning C4244: '=': conversion from 'double' to 'float', possible loss of data
C:\Workplace\C++\professorGIThub\Six_MassIsotopmerDynamics\MassIsotopomerDynamics\IsotopomerDynamics.cpp(281,49): warning C4244: '=': conversion from 'double' to 'float', possible loss of data
C:\Workplace\C++\professorGIThub\Six_MassIsotopmerDynamics\MassIsotopomerDynamics\IsotopomerDynamics.cpp(285,15): warning C4244: '=': conversion from 'double' to 'float', possible loss of data
C:\Workplace\C++\professorGIThub\Six_MassIsotopmerDynamics\MassIsotopomerDynamics\IsotopomerDynamics.cpp(293,24): warning C4244: '=': conversion from 'double' to 'float', possible loss of data
C:\Workplace\C++\professorGIThub\Six_MassIsotopmerDynamics\MassIsotopomerDynamics\IsotopomerDynamics.cpp(216,23): warning C4101: 'fRatio2': unreferenced local variable
C:\Workplace\C++\professorGIThub\Six_MassIsotopmerDynamics\MassIsotopomerDynamics\IsotopomerDynamics.cpp(212,31): warning C4101: 'fAPE3': unreferenced local variable
C:\Workplace\C++\professorGIThub\Six_MassIsotopmerDynamics\MassIsotopomerDynamics\IsotopomerDynamics.cpp(216,14): warning C4101: 'fRatio1': unreferenced local variable
C:\Workplace\C++\professorGIThub\Six_MassIsotopmerDynamics\MassIsotopomerDynamics\IsotopomerDynamics.cpp(322,18): warning C4244: '=': conversion from 'double' to 'float', possible loss of data
C:\Workplace\C++\professorGIThub\Six_MassIsotopmerDynamics\MassIsotopomerDynamics\IsotopomerDynamics.cpp(324,32): warning C4244: '=': conversion from 'double' to 'float', possible loss of data
C:\Workplace\C++\professorGIThub\Six_MassIsotopmerDynamics\MassIsotopomerDynamics\IsotopomerDynamics.cpp(328,10): warning C4244: '=': conversion from 'double' to 'float', possible loss of data
C:\Workplace\C++\professorGIThub\Six_MassIsotopmerDynamics\MassIsotopomerDynamics\IsotopomerDynamics.cpp(330,59): warning C4244: '=': conversion from 'double' to 'float', possible loss of data
C:\Workplace\C++\professorGIThub\Six_MassIsotopmerDynamics\MassIsotopomerDynamics\IsotopomerDynamics.cpp(332,10): warning C4244: '=': conversion from 'double' to 'float', possible loss of data
C:\Workplace\C++\professorGIThub\Six_MassIsotopmerDynamics\MassIsotopomerDynamics\IsotopomerDynamics.cpp(336,10): warning C4244: '=': conversion from 'double' to 'float', possible loss of data
C:\Workplace\C++\professorGIThub\Six_MassIsotopmerDynamics\MassIsotopomerDynamics\IsotopomerDynamics.cpp(340,10): warning C4244: '=': conversion from 'double' to 'float', possible loss of data
C:\Workplace\C++\professorGIThub\Six_MassIsotopmerDynamics\MassIsotopomerDynamics\IsotopomerDynamics.cpp(342,25): warning C4244: '=': conversion from 'double' to 'float', possible loss of data
C:\Workplace\C++\professorGIThub\Six_MassIsotopmerDynamics\MassIsotopomerDynamics\IsotopomerDynamics.cpp(344,31): warning C4244: '=': conversion from 'double' to 'float', possible loss of data
C:\Workplace\C++\professorGIThub\Six_MassIsotopmerDynamics\MassIsotopomerDynamics\IsotopomerDynamics.cpp(346,10): warning C4244: '=': conversion from 'double' to 'float', possible loss of data
C:\Workplace\C++\professorGIThub\Six_MassIsotopmerDynamics\MassIsotopomerDynamics\IsotopomerDynamics.cpp(350,10): warning C4244: '=': conversion from 'double' to 'float', possible loss of data
C:\Workplace\C++\professorGIThub\Six_MassIsotopmerDynamics\MassIsotopomerDynamics\IsotopomerDynamics.cpp(354,10): warning C4244: '=': conversion from 'double' to 'float', possible loss of data
C:\Workplace\C++\professorGIThub\Six_MassIsotopmerDynamics\MassIsotopomerDynamics\IsotopomerDynamics.cpp(358,10): warning C4244: '=': conversion from 'double' to 'float', possible loss of data
C:\Workplace\C++\professorGIThub\Six_MassIsotopmerDynamics\MassIsotopomerDynamics\IsotopomerDynamics.cpp(363,51): warning C4244: '=': conversion from 'double' to 'float', possible loss of data
C:\Workplace\C++\professorGIThub\Six_MassIsotopmerDynamics\MassIsotopomerDynamics\IsotopomerDynamics.cpp(365,89): warning C4244: '=': conversion from 'double' to 'float', possible loss of data
C:\Workplace\C++\professorGIThub\Six_MassIsotopmerDynamics\MassIsotopomerDynamics\IsotopomerDynamics.cpp(367,44): warning C4244: '=': conversion from 'double' to 'float', possible loss of data
C:\Workplace\C++\professorGIThub\Six_MassIsotopmerDynamics\MassIsotopomerDynamics\IsotopomerDynamics.cpp(369,64): warning C4244: '=': conversion from 'double' to 'float', possible loss of data
C:\Workplace\C++\professorGIThub\Six_MassIsotopmerDynamics\MassIsotopomerDynamics\IsotopomerDynamics.cpp(371,44): warning C4244: '=': conversion from 'double' to 'float', possible loss of data
C:\Workplace\C++\professorGIThub\Six_MassIsotopmerDynamics\MassIsotopomerDynamics\IsotopomerDynamics.cpp(373,44): warning C4244: '=': conversion from 'double' to 'float', possible loss of data
C:\Workplace\C++\professorGIThub\Six_MassIsotopmerDynamics\MassIsotopomerDynamics\IsotopomerDynamics.cpp(377,44): warning C4244: '=': conversion from 'double' to 'float', possible loss of data
C:\Workplace\C++\professorGIThub\Six_MassIsotopmerDynamics\MassIsotopomerDynamics\IsotopomerDynamics.cpp(318,20): warning C4101: 'd4': unreferenced local variable
C:\Workplace\C++\professorGIThub\Six_MassIsotopmerDynamics\MassIsotopomerDynamics\IsotopomerDynamics.cpp(316,26): warning C4101: 'fSpectShift': unreferenced local variable
  Generating Code...
  .NETFramework,Version=v4.5.2.AssemblyAttributes.cpp
  IsotopomerDynamics.vcxproj -> C:\Workplace\C++\professorGIThub\Six_MassIsotopmerDynamics\MassIsotopomerDynamics\x64\Release\IsotopomerDynamics.dll
